Smart Calendarv1/app/build/outputs/logs/manifest-merger-debug-report.txt
-- Merging decision tree log ---
manifest
ADDED from src\main\AndroidManifest.xml:2:1-40:12
	package
		ADDED from src\main\AndroidManifest.xml:3:5-40
		INJECTED from src\main\AndroidManifest.xml
		INJECTED from src\main\AndroidManifest.xml
	android:versionName
		ADDED from src\main\AndroidManifest.xml:5:5-30
		INJECTED from src\main\AndroidManifest.xml
		INJECTED from src\main\AndroidManifest.xml
	android:versionCode
		ADDED from src\main\AndroidManifest.xml:4:5-28
		INJECTED from src\main\AndroidManifest.xml
		INJECTED from src\main\AndroidManifest.xml
	xmlns:android
		ADDED from src\main\AndroidManifest.xml:2:11-69
uses-sdk
ADDED from src\main\AndroidManifest.xml:7:5-72
	android:targetSdkVersion
		ADDED from src\main\AndroidManifest.xml:7:41-69
		INJECTED from src\main\AndroidManifest.xml
		INJECTED from src\main\AndroidManifest.xml
	android:minSdkVersion
		ADDED from src\main\AndroidManifest.xml:7:15-40
		INJECTED from src\main\AndroidManifest.xml
		INJECTED from src\main\AndroidManifest.xml
uses-permission#android.permission.RECEIVE_BOOT_COMPLETED
ADDED from src\main\AndroidManifest.xml:9:5-81
	android:name
		ADDED from src\main\AndroidManifest.xml:9:22-78
uses-permission#android.permission.VIBRATE
ADDED from src\main\AndroidManifest.xml:10:5-66
	android:name
		ADDED from src\main\AndroidManifest.xml:10:22-63
application
ADDED from src\main\AndroidManifest.xml:12:5-38:19
	android:label
		ADDED from src\main\AndroidManifest.xml:15:9-41
	android:icon
		ADDED from src\main\AndroidManifest.xml:14:9-45
	android:theme
		ADDED from src\main\AndroidManifest.xml:16:9-41
	android:name
		ADDED from src\main\AndroidManifest.xml:13:9-58
activity#com.appsrox.smartcalendar.MainActivity
ADDED from src\main\AndroidManifest.xml:18:9-25:20
	android:label
		ADDED from src\main\AndroidManifest.xml:20:13-45
	android:name
		ADDED from src\main\AndroidManifest.xml:19:13-66
intent-filter#android.intent.action.MAIN+android.intent.category.LAUNCHER
ADDED from src\main\AndroidManifest.xml:21:13-24:29
action#android.intent.action.MAIN
ADDED from src\main\AndroidManifest.xml:22:17-69
	android:name
		ADDED from src\main\AndroidManifest.xml:22:25-66
category#android.intent.category.LAUNCHER
ADDED from src\main\AndroidManifest.xml:23:17-77
	android:name
		ADDED from src\main\AndroidManifest.xml:23:27-74
activity#com.appsrox.smartcalendar.AddAlarmActivity
ADDED from src\main\AndroidManifest.xml:26:9-130
	android:windowSoftInputMode
		ADDED from src\main\AndroidManifest.xml:26:77-118
	android:name
		ADDED from src\main\AndroidManifest.xml:26:19-76
activity#com.appsrox.smartcalendar.SettingsActivity
ADDED from src\main\AndroidManifest.xml:27:9-88
	android:name
		ADDED from src\main\AndroidManifest.xml:27:19-76
receiver#com.appsrox.smartcalendar.AlarmSetter
ADDED from src\main\AndroidManifest.xml:29:3-33:14
	android:name
		ADDED from src\main\AndroidManifest.xml:29:13-65
intent-filter#android.intent.action.BOOT_COMPLETED
ADDED from src\main\AndroidManifest.xml:30:4-32:20
action#android.intent.action.BOOT_COMPLETED
ADDED from src\main\AndroidManifest.xml:31:5-67
	android:name
		ADDED from src\main\AndroidManifest.xml:31:13-64
receiver#com.appsrox.smartcalendar.AlarmReceiver
ADDED from src\main\AndroidManifest.xml:34:3-79
	android:name
		ADDED from src\main\AndroidManifest.xml:34:13-67
service#com.appsrox.smartcalendar.AlarmService
ADDED from src\main\AndroidManifest.xml:36:3-76
	android:name
		ADDED from src\main\AndroidManifest.xml:36:12-65